1612213835896	geckodriver	INFO	Listening on 127.0.0.1:51710
1612213838921	mozrunner::runner	INFO	Running command: "P:\\Program Files\\Mozilla Firefox\\firefox.exe" "--marionette" "-foreground" "-no-remote" "-profile" "C:\\Users\\joein\\AppData\\Local\\Temp\\rust_mozprofileUIQPKi"
console.warn: SearchSettings: "get: No settings file exists, new profile?" (new Error("", "(unknown module)"))
console.warn: SearchSettings: "get: No settings file exists, new profile?" (new Error("", "(unknown module)"))
1612213840526	Marionette	INFO	Listening on port 51718
1612213840943	Marionette	WARN	TLS certificate errors will be ignored for this session
1612213840975	Marionette	ERROR	[15] No reply from Marionette:Register
JavaScript warning: https://www.zwiftpower.com/zp/js/mini/event_results693.js?assets_version=129, line 200: unreachable code after return statement

###!!! [Child][RunMessage] Error: Channel closing: too late to send/recv, messages will be lost

1612213859781	Marionette	INFO	Stopped listening on port 51718

###!!! [Child][RunMessage] Error: Channel closing: too late to send/recv, messages will be lost

1612213909625	geckodriver	INFO	Listening on 127.0.0.1:51793
1612213912650	mozrunner::runner	INFO	Running command: "P:\\Program Files\\Mozilla Firefox\\firefox.exe" "--marionette" "-foreground" "-no-remote" "-profile" "C:\\Users\\joein\\AppData\\Local\\Temp\\rust_mozprofilepZ5UiR"
console.warn: SearchSettings: "get: No settings file exists, new profile?" (new Error("", "(unknown module)"))
console.warn: SearchSettings: "get: No settings file exists, new profile?" (new Error("", "(unknown module)"))
1612213914172	Marionette	INFO	Listening on port 51801
1612213914668	Marionette	WARN	TLS certificate errors will be ignored for this session
1612213914677	Marionette	ERROR	[15] No reply from Marionette:Register
JavaScript warning: https://www.zwiftpower.com/zp/js/mini/event_results693.js?assets_version=129, line 200: unreachable code after return statement
1612213929600	Marionette	INFO	Stopped listening on port 51801

###!!! [Child][RunMessage] Error: Channel closing: too late to send/recv, messages will be lost

1612214012793	geckodriver	INFO	Listening on 127.0.0.1:51877
1612214015811	mozrunner::runner	INFO	Running command: "P:\\Program Files\\Mozilla Firefox\\firefox.exe" "--marionette" "-foreground" "-no-remote" "-profile" "C:\\Users\\joein\\AppData\\Local\\Temp\\rust_mozprofileS2AEuP"
console.warn: SearchSettings: "get: No settings file exists, new profile?" (new Error("", "(unknown module)"))
console.warn: SearchSettings: "get: No settings file exists, new profile?" (new Error("", "(unknown module)"))
1612214017321	Marionette	INFO	Listening on port 51885
1612214017830	Marionette	WARN	TLS certificate errors will be ignored for this session
1612214017840	Marionette	ERROR	[18] No reply from Marionette:Register
JavaScript warning: https://www.zwiftpower.com/zp/js/mini/event_results693.js?assets_version=129, line 200: unreachable code after return statement
1612214054354	Marionette	INFO	Stopped listening on port 51885

###!!! [Child][RunMessage] Error: Channel closing: too late to send/recv, messages will be lost

1612214195376	geckodriver	INFO	Listening on 127.0.0.1:51983
1612214198407	mozrunner::runner	INFO	Running command: "P:\\Program Files\\Mozilla Firefox\\firefox.exe" "--marionette" "-foreground" "-no-remote" "-profile" "C:\\Users\\joein\\AppData\\Local\\Temp\\rust_mozprofileA8I2Ni"
console.warn: SearchSettings: "get: No settings file exists, new profile?" (new Error("", "(unknown module)"))
console.warn: SearchSettings: "get: No settings file exists, new profile?" (new Error("", "(unknown module)"))
1612214199797	Marionette	INFO	Listening on port 51991
1612214199928	Marionette	WARN	TLS certificate errors will be ignored for this session
1612214199937	Marionette	ERROR	[15] No reply from Marionette:Register
JavaScript warning: https://www.zwiftpower.com/zp/js/mini/event_results693.js?assets_version=129, line 200: unreachable code after return statement
1612214236812	Marionette	INFO	Stopped listening on port 51991

###!!! [Child][RunMessage] Error: Channel closing: too late to send/recv, messages will be lost

1612214575869	geckodriver	INFO	Listening on 127.0.0.1:52127
1612214578887	mozrunner::runner	INFO	Running command: "P:\\Program Files\\Mozilla Firefox\\firefox.exe" "--marionette" "-foreground" "-no-remote" "-profile" "C:\\Users\\joein\\AppData\\Local\\Temp\\rust_mozprofileU8ibDV"
console.warn: SearchSettings: "get: No settings file exists, new profile?" (new Error("", "(unknown module)"))
console.warn: SearchSettings: "get: No settings file exists, new profile?" (new Error("", "(unknown module)"))
1612214580382	Marionette	INFO	Listening on port 52135
1612214580407	Marionette	WARN	TLS certificate errors will be ignored for this session
1612214580416	Marionette	ERROR	[15] No reply from Marionette:Register
JavaScript warning: https://www.zwiftpower.com/zp/js/mini/event_results693.js?assets_version=129, line 200: unreachable code after return statement
1612214621033	Marionette	INFO	Stopped listening on port 52135

###!!! [Child][RunMessage] Error: Channel closing: too late to send/recv, messages will be lost

1612214694656	geckodriver	INFO	Listening on 127.0.0.1:52222
1612214697672	mozrunner::runner	INFO	Running command: "P:\\Program Files\\Mozilla Firefox\\firefox.exe" "--marionette" "-foreground" "-no-remote" "-profile" "C:\\Users\\joein\\AppData\\Local\\Temp\\rust_mozprofileQob9zf"
console.warn: SearchSettings: "get: No settings file exists, new profile?" (new Error("", "(unknown module)"))
console.warn: SearchSettings: "get: No settings file exists, new profile?" (new Error("", "(unknown module)"))
1612214699195	Marionette	INFO	Listening on port 52230
1612214699692	Marionette	WARN	TLS certificate errors will be ignored for this session
1612214699702	Marionette	ERROR	[15] No reply from Marionette:Register
JavaScript warning: https://www.zwiftpower.com/zp/js/mini/event_results693.js?assets_version=129, line 200: unreachable code after return statement
1612214737724	Marionette	INFO	Stopped listening on port 52230

###!!! [Child][RunMessage] Error: Channel closing: too late to send/recv, messages will be lost

1612214796158	geckodriver	INFO	Listening on 127.0.0.1:52317
1612214799171	mozrunner::runner	INFO	Running command: "P:\\Program Files\\Mozilla Firefox\\firefox.exe" "--marionette" "-foreground" "-no-remote" "-profile" "C:\\Users\\joein\\AppData\\Local\\Temp\\rust_mozprofile7F5LNi"
console.warn: SearchSettings: "get: No settings file exists, new profile?" (new Error("", "(unknown module)"))
console.warn: SearchSettings: "get: No settings file exists, new profile?" (new Error("", "(unknown module)"))
1612214800700	Marionette	INFO	Listening on port 52325
1612214801192	Marionette	WARN	TLS certificate errors will be ignored for this session
1612214801207	Marionette	ERROR	[15] No reply from Marionette:Register
JavaScript warning: https://www.zwiftpower.com/zp/js/mini/event_results693.js?assets_version=129, line 200: unreachable code after return statement
1612214844178	Marionette	INFO	Stopped listening on port 52325

###!!! [Child][RunMessage] Error: Channel closing: too late to send/recv, messages will be lost

1612215401423	geckodriver	INFO	Listening on 127.0.0.1:52515
1612215404438	mozrunner::runner	INFO	Running command: "P:\\Program Files\\Mozilla Firefox\\firefox.exe" "--marionette" "-foreground" "-no-remote" "-profile" "C:\\Users\\joein\\AppData\\Local\\Temp\\rust_mozprofileHrgfLg"
console.warn: SearchSettings: "get: No settings file exists, new profile?" (new Error("", "(unknown module)"))
console.warn: SearchSettings: "get: No settings file exists, new profile?" (new Error("", "(unknown module)"))
1612215405937	Marionette	INFO	Listening on port 52527
1612215405960	Marionette	WARN	TLS certificate errors will be ignored for this session
1612215405974	Marionette	ERROR	[15] No reply from Marionette:Register
JavaScript warning: https://www.zwiftpower.com/zp/js/mini/event_results693.js?assets_version=129, line 200: unreachable code after return statement
1612215447827	Marionette	INFO	Stopped listening on port 52527

###!!! [Child][RunMessage] Error: Channel closing: too late to send/recv, messages will be lost


###!!! [Child][RunMessage] Error: Channel closing: too late to send/recv, messages will be lost

1612215638409	geckodriver	INFO	Listening on 127.0.0.1:52617
1612215641425	mozrunner::runner	INFO	Running command: "P:\\Program Files\\Mozilla Firefox\\firefox.exe" "--marionette" "-foreground" "-no-remote" "-profile" "C:\\Users\\joein\\AppData\\Local\\Temp\\rust_mozprofileAX3oNq"
console.warn: SearchSettings: "get: No settings file exists, new profile?" (new Error("", "(unknown module)"))
console.warn: SearchSettings: "get: No settings file exists, new profile?" (new Error("", "(unknown module)"))
1612215642859	Marionette	INFO	Listening on port 52625
1612215642944	Marionette	WARN	TLS certificate errors will be ignored for this session
1612215642954	Marionette	ERROR	[15] No reply from Marionette:Register
JavaScript warning: https://www.zwiftpower.com/zp/js/mini/event_results693.js?assets_version=129, line 200: unreachable code after return statement
1612215688874	Marionette	INFO	Stopped listening on port 52625

###!!! [Child][RunMessage] Error: Channel closing: too late to send/recv, messages will be lost

1612215979577	geckodriver	INFO	Listening on 127.0.0.1:52726
1612215982590	mozrunner::runner	INFO	Running command: "P:\\Program Files\\Mozilla Firefox\\firefox.exe" "--marionette" "-foreground" "-no-remote" "-profile" "C:\\Users\\joein\\AppData\\Local\\Temp\\rust_mozprofileHElRJu"
console.warn: SearchSettings: "get: No settings file exists, new profile?" (new Error("", "(unknown module)"))
console.warn: SearchSettings: "get: No settings file exists, new profile?" (new Error("", "(unknown module)"))
1612215984083	Marionette	INFO	Listening on port 52734
1612215984112	Marionette	WARN	TLS certificate errors will be ignored for this session
1612215984122	Marionette	ERROR	[15] No reply from Marionette:Register
JavaScript warning: https://www.zwiftpower.com/zp/js/mini/event_results693.js?assets_version=129, line 200: unreachable code after return statement
1612216018527	Marionette	INFO	Stopped listening on port 52734

###!!! [Child][RunMessage] Error: Channel closing: too late to send/recv, messages will be lost

1612216125399	geckodriver	INFO	Listening on 127.0.0.1:52819
1612216128414	mozrunner::runner	INFO	Running command: "P:\\Program Files\\Mozilla Firefox\\firefox.exe" "--marionette" "-foreground" "-no-remote" "-profile" "C:\\Users\\joein\\AppData\\Local\\Temp\\rust_mozprofilelXll5r"
console.warn: SearchSettings: "get: No settings file exists, new profile?" (new Error("", "(unknown module)"))
console.warn: SearchSettings: "get: No settings file exists, new profile?" (new Error("", "(unknown module)"))
1612216129808	Marionette	INFO	Listening on port 52828
1612216129934	Marionette	WARN	TLS certificate errors will be ignored for this session
1612216129944	Marionette	ERROR	[15] No reply from Marionette:Register
JavaScript warning: https://www.zwiftpower.com/zp/js/mini/event_results693.js?assets_version=129, line 200: unreachable code after return statement
1612216173664	Marionette	INFO	Stopped listening on port 52828

###!!! [Child][RunMessage] Error: Channel closing: too late to send/recv, messages will be lost


###!!! [Child][RunMessage] Error: Channel closing: too late to send/recv, messages will be lost

1612216267768	geckodriver	INFO	Listening on 127.0.0.1:52954
1612216270783	mozrunner::runner	INFO	Running command: "P:\\Program Files\\Mozilla Firefox\\firefox.exe" "--marionette" "-foreground" "-no-remote" "-profile" "C:\\Users\\joein\\AppData\\Local\\Temp\\rust_mozprofilezbNOyH"
console.warn: SearchSettings: "get: No settings file exists, new profile?" (new Error("", "(unknown module)"))
console.warn: SearchSettings: "get: No settings file exists, new profile?" (new Error("", "(unknown module)"))
1612216272441	Marionette	INFO	Listening on port 52962
1612216272803	Marionette	WARN	TLS certificate errors will be ignored for this session
1612216272815	Marionette	ERROR	[15] No reply from Marionette:Register
JavaScript warning: https://www.zwiftpower.com/zp/js/mini/event_results693.js?assets_version=129, line 200: unreachable code after return statement
1612216317220	Marionette	INFO	Stopped listening on port 52962
1659345096000	geckodriver	INFO	Listening on 127.0.0.1:63713
1659345099036	mozrunner::runner	INFO	Running command: "P:\\Program Files\\Mozilla Firefox\\firefox.exe" "--marionette" "-no-remote" "-profile" "C:\\Users\\joein\\AppData\\Local\\Temp\\rust_mozprofileyUEmnd"
1659345908774	geckodriver	INFO	Listening on 127.0.0.1:54080
1659345911801	mozrunner::runner	INFO	Running command: "P:\\Program Files\\Mozilla Firefox\\firefox.exe" "--marionette" "-no-remote" "-profile" "C:\\Users\\joein\\AppData\\Local\\Temp\\rust_mozprofileFjM9Mr"
1659345912110	Marionette	INFO	Marionette enabled
console.warn: SearchSettings: "get: No settings file exists, new profile?" (new NotFoundError("Could not open the file at C:\\Users\\joein\\AppData\\Local\\Temp\\rust_mozprofileFjM9Mr\\search.json.mozlz4", (void 0)))
1659345913443	Marionette	INFO	Listening on port 54088
1659345913834	RemoteAgent	WARN	TLS certificate errors will be ignored for this session
console.warn: LoginRecipes: "getRecipes: falling back to a synchronous message for:" "https://zwiftpower.com"

###!!! [Child][PContentChild] Error: Send(msgname=PContent::Msg_InsertNewFocusActionId) Channel closing: too late to send/recv, messages will be lost

1659345917071	Marionette	WARN	Ignoring event 'pageshow' because document has an invalid readyState of 'uninitialized'.
console.warn: LoginRecipes: "getRecipes: falling back to a synchronous message for:" "https://secure.zwift.com"
console.warn: LoginRecipes: "getRecipes: falling back to a synchronous message for:" "https://secure.zwift.com"
JavaScript error: resource://gre/modules/LoginManagerParent.jsm, line 136: TypeError: gRecipeManager is null
JavaScript warning: https://zwiftpower.com/zp/js/mini/event_results693.js?assets_version=132, line 1793: unreachable code after return statement
1659345946343	Marionette	INFO	Stopped listening on port 54088
JavaScript error: chrome://remote/content/marionette/cert.js, line 55: NS_ERROR_NOT_AVAILABLE: Component returned failure code: 0x80040111 (NS_ERROR_NOT_AVAILABLE) [nsICertOverrideService.setDisableAllSecurityChecksAndLetAttackersInterceptMyData]

###!!! [Child][PContentChild] Error: Send(msgname=PHttpChannel::Msg_Cancel) Channel closing: too late to send/recv, messages will be lost


###!!! [Child][PContentChild] Error: Send(msgname=PHttpChannel::Msg_DeletingChannel) Channel closing: too late to send/recv, messages will be lost


###!!! [Child][PContentChild] Error: RunMessage(msgname=PContent::Msg_DestroyBrowsingContextGroup) Channel closing: too late to send/recv, messages will be lost


###!!! [Child][PContentChild] Error: RunMessage(msgname=PContent::Reply_DiscardBrowsingContext) Channel closing: too late to send/recv, messages will be lost

1659345975966	geckodriver	INFO	Listening on 127.0.0.1:54193
1659345978985	mozrunner::runner	INFO	Running command: "P:\\Program Files\\Mozilla Firefox\\firefox.exe" "--marionette" "-no-remote" "-profile" "C:\\Users\\joein\\AppData\\Local\\Temp\\rust_mozprofile21KG7G"
1659345979288	Marionette	INFO	Marionette enabled
console.warn: SearchSettings: "get: No settings file exists, new profile?" (new NotFoundError("Could not open the file at C:\\Users\\joein\\AppData\\Local\\Temp\\rust_mozprofile21KG7G\\search.json.mozlz4", (void 0)))
1659345980677	Marionette	INFO	Listening on port 54201
1659345981004	RemoteAgent	WARN	TLS certificate errors will be ignored for this session
console.warn: LoginRecipes: "getRecipes: falling back to a synchronous message for:" "https://zwiftpower.com"
1659345984071	Marionette	WARN	Ignoring event 'pageshow' because document has an invalid readyState of 'uninitialized'.
console.warn: LoginRecipes: "getRecipes: falling back to a synchronous message for:" "https://secure.zwift.com"
console.warn: LoginRecipes: "getRecipes: falling back to a synchronous message for:" "https://secure.zwift.com"
1659345999788	Marionette	WARN	Ignoring event 'pageshow' because document has an invalid readyState of 'uninitialized'.
console.warn: LoginRecipes: "getRecipes: falling back to a synchronous message for:" "https://secure.zwift.com"
console.warn: LoginRecipes: "getRecipes: falling back to a synchronous message for:" "https://secure.zwift.com"
JavaScript error: resource://gre/modules/LoginManagerParent.jsm, line 136: TypeError: gRecipeManager is null
JavaScript warning: https://zwiftpower.com/zp/js/mini/event_results693.js?assets_version=132, line 1793: unreachable code after return statement
1659346033896	Marionette	INFO	Stopped listening on port 54201
1659346166608	geckodriver	INFO	Listening on 127.0.0.1:54363
1659346169624	mozrunner::runner	INFO	Running command: "P:\\Program Files\\Mozilla Firefox\\firefox.exe" "--marionette" "-no-remote" "-profile" "C:\\Users\\joein\\AppData\\Local\\Temp\\rust_mozprofile8vF2Pj"
1659346169916	Marionette	INFO	Marionette enabled
console.warn: SearchSettings: "get: No settings file exists, new profile?" (new NotFoundError("Could not open the file at C:\\Users\\joein\\AppData\\Local\\Temp\\rust_mozprofile8vF2Pj\\search.json.mozlz4", (void 0)))
1659346171295	Marionette	INFO	Listening on port 54371
1659346171644	RemoteAgent	WARN	TLS certificate errors will be ignored for this session
console.warn: LoginRecipes: "getRecipes: falling back to a synchronous message for:" "https://zwiftpower.com"
1659346175203	Marionette	WARN	Ignoring event 'pageshow' because document has an invalid readyState of 'uninitialized'.
console.warn: LoginRecipes: "getRecipes: falling back to a synchronous message for:" "https://secure.zwift.com"
console.warn: LoginRecipes: "getRecipes: falling back to a synchronous message for:" "https://secure.zwift.com"
JavaScript error: resource://gre/modules/LoginManagerParent.jsm, line 136: TypeError: gRecipeManager is null
JavaScript warning: https://zwiftpower.com/zp/js/mini/event_results693.js?assets_version=132, line 1793: unreachable code after return statement
1659346208722	Marionette	INFO	Stopped listening on port 54371

###!!! [Child][PContentChild] Error: Send(msgname=PNecko::Msg_RemoveRequestContext) Channel closing: too late to send/recv, messages will be lost

1659346303607	geckodriver	INFO	Listening on 127.0.0.1:54482
1659346306639	mozrunner::runner	INFO	Running command: "P:\\Program Files\\Mozilla Firefox\\firefox.exe" "--marionette" "-no-remote" "-profile" "C:\\Users\\joein\\AppData\\Local\\Temp\\rust_mozprofile7k2mXT"
1659346306939	Marionette	INFO	Marionette enabled
console.warn: SearchSettings: "get: No settings file exists, new profile?" (new NotFoundError("Could not open the file at C:\\Users\\joein\\AppData\\Local\\Temp\\rust_mozprofile7k2mXT\\search.json.mozlz4", (void 0)))
1659346308269	Marionette	INFO	Listening on port 54490
1659346308660	RemoteAgent	WARN	TLS certificate errors will be ignored for this session
console.warn: LoginRecipes: "getRecipes: falling back to a synchronous message for:" "https://zwiftpower.com"
1659346311974	Marionette	WARN	Ignoring event 'pageshow' because document has an invalid readyState of 'uninitialized'.
console.warn: LoginRecipes: "getRecipes: falling back to a synchronous message for:" "https://secure.zwift.com"
console.warn: LoginRecipes: "getRecipes: falling back to a synchronous message for:" "https://secure.zwift.com"
JavaScript error: resource://gre/modules/LoginManagerParent.jsm, line 136: TypeError: gRecipeManager is null

###!!! [Child][PContentChild] Error: RunMessage(msgname=PContent::Msg_CommitWindowContextTransaction) Channel closing: too late to send/recv, messages will be lost

JavaScript warning: https://zwiftpower.com/zp/js/mini/event_results693.js?assets_version=132, line 1793: unreachable code after return statement
1659346347993	Marionette	INFO	Stopped listening on port 54490

###!!! [Child][PContentChild] Error: Send(msgname=PNecko::Msg_RemoveRequestContext) Channel closing: too late to send/recv, messages will be lost

1659346348704	geckodriver	INFO	Listening on 127.0.0.1:54580
1659346351729	mozrunner::runner	INFO	Running command: "P:\\Program Files\\Mozilla Firefox\\firefox.exe" "--marionette" "-no-remote" "-profile" "C:\\Users\\joein\\AppData\\Local\\Temp\\rust_mozprofileBuKAED"
1659346352023	Marionette	INFO	Marionette enabled
JavaScript error: chrome://browser/content/tabbrowser.js, line 5317: TypeError: this.PictureInPicture is undefined
console.warn: SearchSettings: "get: No settings file exists, new profile?" (new NotFoundError("Could not open the file at C:\\Users\\joein\\AppData\\Local\\Temp\\rust_mozprofileBuKAED\\search.json.mozlz4", (void 0)))
JavaScript error: resource:///modules/CustomizableUI.jsm, line 4103: Error: Area not yet restored
JavaScript error: chrome://browser/content/tabbrowser.js, line 5317: TypeError: this.PictureInPicture is undefined
1659346531521	geckodriver	INFO	Listening on 127.0.0.1:62504
1659346534543	mozrunner::runner	INFO	Running command: "P:\\Program Files\\Mozilla Firefox\\firefox.exe" "--marionette" "-no-remote" "-profile" "C:\\Users\\joein\\AppData\\Local\\Temp\\rust_mozprofileSDAWZn"
1659346535457	Marionette	INFO	Marionette enabled
console.warn: SearchSettings: "get: No settings file exists, new profile?" (new NotFoundError("Could not open the file at C:\\Users\\joein\\AppData\\Local\\Temp\\rust_mozprofileSDAWZn\\search.json.mozlz4", (void 0)))
1659346536775	Marionette	INFO	Listening on port 62512
1659346537172	RemoteAgent	WARN	TLS certificate errors will be ignored for this session
console.warn: LoginRecipes: "getRecipes: falling back to a synchronous message for:" "https://zwiftpower.com"
1659346540959	Marionette	WARN	Ignoring event 'pageshow' because document has an invalid readyState of 'uninitialized'.
console.warn: LoginRecipes: "getRecipes: falling back to a synchronous message for:" "https://secure.zwift.com"
console.warn: LoginRecipes: "getRecipes: falling back to a synchronous message for:" "https://secure.zwift.com"
JavaScript error: resource://gre/modules/LoginManagerParent.jsm, line 136: TypeError: gRecipeManager is null
JavaScript warning: https://zwiftpower.com/zp/js/mini/event_results693.js?assets_version=132, line 1793: unreachable code after return statement
1659346573408	Marionette	INFO	Stopped listening on port 62512

###!!! [Child][PContentChild] Error: RunMessage(msgname=PContent::Reply_DiscardBrowsingContext) Channel closing: too late to send/recv, messages will be lost


###!!! [Child][PContentChild] Error: RunMessage(msgname=PHttpChannel::Msg_DeleteSelf) Channel closing: too late to send/recv, messages will be lost


###!!! [Parent][PContentParent] Error: Send(msgname=PContent::Msg_DestroyBrowsingContextGroup) Closed channel: cannot send/recv

1659346574065	geckodriver	INFO	Listening on 127.0.0.1:62604
1659346577090	mozrunner::runner	INFO	Running command: "P:\\Program Files\\Mozilla Firefox\\firefox.exe" "--marionette" "-no-remote" "-profile" "C:\\Users\\joein\\AppData\\Local\\Temp\\rust_mozprofilem9J6ep"
1659346577388	Marionette	INFO	Marionette enabled
console.warn: SearchSettings: "get: No settings file exists, new profile?" (new NotFoundError("Could not open the file at C:\\Users\\joein\\AppData\\Local\\Temp\\rust_mozprofilem9J6ep\\search.json.mozlz4", (void 0)))
1659346578731	Marionette	INFO	Listening on port 62612
1659346579127	RemoteAgent	WARN	TLS certificate errors will be ignored for this session
1659346588484	Marionette	INFO	Stopped listening on port 62612
1659346865376	geckodriver	INFO	Listening on 127.0.0.1:62717
1659346868389	mozrunner::runner	INFO	Running command: "P:\\Program Files\\Mozilla Firefox\\firefox.exe" "--marionette" "-no-remote" "-profile" "C:\\Users\\joein\\AppData\\Local\\Temp\\rust_mozprofilem15nf9"
1659346868655	Marionette	INFO	Marionette enabled
console.warn: SearchSettings: "get: No settings file exists, new profile?" (new NotFoundError("Could not open the file at C:\\Users\\joein\\AppData\\Local\\Temp\\rust_mozprofilem15nf9\\search.json.mozlz4", (void 0)))
1659346870001	Marionette	INFO	Listening on port 62725
1659346870405	RemoteAgent	WARN	TLS certificate errors will be ignored for this session
console.warn: LoginRecipes: "getRecipes: falling back to a synchronous message for:" "https://zwiftpower.com"
1659346873943	Marionette	WARN	Ignoring event 'pageshow' because document has an invalid readyState of 'uninitialized'.
console.warn: LoginRecipes: "getRecipes: falling back to a synchronous message for:" "https://secure.zwift.com"
console.warn: LoginRecipes: "getRecipes: falling back to a synchronous message for:" "https://secure.zwift.com"
JavaScript error: resource://gre/modules/LoginManagerParent.jsm, line 136: TypeError: gRecipeManager is null
JavaScript warning: https://zwiftpower.com/zp/js/mini/event_results693.js?assets_version=132, line 1793: unreachable code after return statement
JavaScript warning: https://zwiftpower.com/zp/js/mini/event_results693.js?assets_version=132, line 1793: unreachable code after return statement
1659346936552	Marionette	INFO	Stopped listening on port 62725

###!!! [Child][PContentChild] Error: Send(msgname=PHttpChannel::Msg_Cancel) Channel closing: too late to send/recv, messages will be lost


###!!! [Child][PContentChild] Error: Send(msgname=PHttpChannel::Msg_DeletingChannel) Channel closing: too late to send/recv, messages will be lost

1659347085546	geckodriver	INFO	Listening on 127.0.0.1:62870
1659347088559	mozrunner::runner	INFO	Running command: "P:\\Program Files\\Mozilla Firefox\\firefox.exe" "--marionette" "-no-remote" "-profile" "C:\\Users\\joein\\AppData\\Local\\Temp\\rust_mozprofileglHrm7"
1659347088841	Marionette	INFO	Marionette enabled
console.warn: SearchSettings: "get: No settings file exists, new profile?" (new NotFoundError("Could not open the file at C:\\Users\\joein\\AppData\\Local\\Temp\\rust_mozprofileglHrm7\\search.json.mozlz4", (void 0)))
1659347090230	Marionette	INFO	Listening on port 62878
1659347090588	RemoteAgent	WARN	TLS certificate errors will be ignored for this session
console.warn: LoginRecipes: "getRecipes: falling back to a synchronous message for:" "https://zwiftpower.com"
1659347094149	Marionette	WARN	Ignoring event 'pageshow' because document has an invalid readyState of 'uninitialized'.
console.warn: LoginRecipes: "getRecipes: falling back to a synchronous message for:" "https://secure.zwift.com"
console.warn: LoginRecipes: "getRecipes: falling back to a synchronous message for:" "https://secure.zwift.com"
JavaScript error: resource://gre/modules/LoginManagerParent.jsm, line 136: TypeError: gRecipeManager is null
JavaScript warning: https://zwiftpower.com/zp/js/mini/event_results693.js?assets_version=132, line 1793: unreachable code after return statement
JavaScript warning: https://zwiftpower.com/zp/js/mini/event_results693.js?assets_version=132, line 1793: unreachable code after return statement
1659347156130	Marionette	INFO	Stopped listening on port 62878
1659347190760	geckodriver	INFO	Listening on 127.0.0.1:62989
1659347193774	mozrunner::runner	INFO	Running command: "P:\\Program Files\\Mozilla Firefox\\firefox.exe" "--marionette" "-no-remote" "-profile" "C:\\Users\\joein\\AppData\\Local\\Temp\\rust_mozprofileNwQUk4"
1659347194058	Marionette	INFO	Marionette enabled
console.warn: SearchSettings: "get: No settings file exists, new profile?" (new NotFoundError("Could not open the file at C:\\Users\\joein\\AppData\\Local\\Temp\\rust_mozprofileNwQUk4\\search.json.mozlz4", (void 0)))
1659347195448	Marionette	INFO	Listening on port 62997
1659347195795	RemoteAgent	WARN	TLS certificate errors will be ignored for this session
console.warn: LoginRecipes: "getRecipes: falling back to a synchronous message for:" "https://zwiftpower.com"
1659347202972	Marionette	WARN	Ignoring event 'pageshow' because document has an invalid readyState of 'uninitialized'.
console.warn: LoginRecipes: "getRecipes: falling back to a synchronous message for:" "https://secure.zwift.com"
console.warn: LoginRecipes: "getRecipes: falling back to a synchronous message for:" "https://secure.zwift.com"
JavaScript error: resource://gre/modules/LoginManagerParent.jsm, line 136: TypeError: gRecipeManager is null

###!!! [Child][PContentChild] Error: RunMessage(msgname=PContent::Msg_CommitBrowsingContextTransaction) Channel closing: too late to send/recv, messages will be lost


###!!! [Child][PContentChild] Error: RunMessage(msgname=PContent::Msg_CommitBrowsingContextTransaction) Channel closing: too late to send/recv, messages will be lost


###!!! [Child][PContentChild] Error: RunMessage(msgname=PContent::Msg_CommitBrowsingContextTransaction) Channel closing: too late to send/recv, messages will be lost


###!!! [Child][PContentChild] Error: RunMessage(msgname=PContent::Msg_CreateWindowContext) Channel closing: too late to send/recv, messages will be lost


###!!! [Child][PContentChild] Error: RunMessage(msgname=PContent::Msg_CommitBrowsingContextTransaction) Channel closing: too late to send/recv, messages will be lost


###!!! [Child][PContentChild] Error: RunMessage(msgname=PContent::Msg_CommitWindowContextTransaction) Channel closing: too late to send/recv, messages will be lost


###!!! [Child][PContentChild] Error: RunMessage(msgname=PContent::Msg_CommitWindowContextTransaction) Channel closing: too late to send/recv, messages will be lost


###!!! [Child][PContentChild] Error: RunMessage(msgname=PContent::Msg_CommitBrowsingContextTransaction) Channel closing: too late to send/recv, messages will be lost


###!!! [Child][PContentChild] Error: RunMessage(msgname=PContent::Msg_DiscardWindowContext) Channel closing: too late to send/recv, messages will be lost


###!!! [Child][PContentChild] Error: RunMessage(msgname=PContent::Msg_CommitBrowsingContextTransaction) Channel closing: too late to send/recv, messages will be lost


###!!! [Child][PContentChild] Error: RunMessage(msgname=PContent::Msg_CommitWindowContextTransaction) Channel closing: too late to send/recv, messages will be lost


###!!! [Child][PContentChild] Error: RunMessage(msgname=PContent::Msg_HistoryCommitIndexAndLength) Channel closing: too late to send/recv, messages will be lost

JavaScript warning: https://zwiftpower.com/zp/js/mini/event_results693.js?assets_version=132, line 1793: unreachable code after return statement
1659347227533	Marionette	INFO	Stopped listening on port 62997

###!!! [Parent][PContentParent] Error: Send(msgname=PContent::Msg_DestroyBrowsingContextGroup) Closed channel: cannot send/recv

1659347264116	geckodriver	INFO	Listening on 127.0.0.1:63102
1659347267128	mozrunner::runner	INFO	Running command: "P:\\Program Files\\Mozilla Firefox\\firefox.exe" "--marionette" "-no-remote" "-profile" "C:\\Users\\joein\\AppData\\Local\\Temp\\rust_mozprofilev7nk83"
1659347267417	Marionette	INFO	Marionette enabled
console.warn: SearchSettings: "get: No settings file exists, new profile?" (new NotFoundError("Could not open the file at C:\\Users\\joein\\AppData\\Local\\Temp\\rust_mozprofilev7nk83\\search.json.mozlz4", (void 0)))
1659347268749	Marionette	INFO	Listening on port 63110
1659347269147	RemoteAgent	WARN	TLS certificate errors will be ignored for this session
console.warn: LoginRecipes: "getRecipes: falling back to a synchronous message for:" "https://zwiftpower.com"
1659347272486	Marionette	WARN	Ignoring event 'pageshow' because document has an invalid readyState of 'uninitialized'.
console.warn: LoginRecipes: "getRecipes: falling back to a synchronous message for:" "https://secure.zwift.com"
console.warn: LoginRecipes: "getRecipes: falling back to a synchronous message for:" "https://secure.zwift.com"
JavaScript error: resource://gre/modules/LoginManagerParent.jsm, line 136: TypeError: gRecipeManager is null
JavaScript warning: https://zwiftpower.com/zp/js/mini/event_results693.js?assets_version=132, line 1793: unreachable code after return statement

###!!! [Child][PContentChild] Error: RunMessage(msgname=PContent::Msg_CommitBrowsingContextTransaction) Channel closing: too late to send/recv, messages will be lost


###!!! [Child][PContentChild] Error: RunMessage(msgname=PContent::Msg_CommitBrowsingContextTransaction) Channel closing: too late to send/recv, messages will be lost


###!!! [Child][PContentChild] Error: RunMessage(msgname=PContent::Msg_CommitWindowContextTransaction) Channel closing: too late to send/recv, messages will be lost


###!!! [Child][PContentChild] Error: RunMessage(msgname=PContent::Msg_CommitWindowContextTransaction) Channel closing: too late to send/recv, messages will be lost


###!!! [Child][PContentChild] Error: RunMessage(msgname=PContent::Msg_SetFocusedBrowsingContext) Channel closing: too late to send/recv, messages will be lost


###!!! [Child][PContentChild] Error: RunMessage(msgname=PContent::Msg_CommitWindowContextTransaction) Channel closing: too late to send/recv, messages will be lost


###!!! [Child][PContentChild] Error: RunMessage(msgname=PContent::Msg_CommitWindowContextTransaction) Channel closing: too late to send/recv, messages will be lost


###!!! [Child][PContentChild] Error: RunMessage(msgname=PContent::Msg_CommitWindowContextTransaction) Channel closing: too late to send/recv, messages will be lost


###!!! [Child][PContentChild] Error: RunMessage(msgname=PContent::Msg_SetFocusedBrowsingContext) Channel closing: too late to send/recv, messages will be lost


###!!! [Child][PContentChild] Error: RunMessage(msgname=PContent::Msg_CommitWindowContextTransaction) Channel closing: too late to send/recv, messages will be lost


###!!! [Child][PContentChild] Error: RunMessage(msgname=PContent::Msg_CommitWindowContextTransaction) Channel closing: too late to send/recv, messages will be lost


###!!! [Child][PContentChild] Error: RunMessage(msgname=PContent::Msg_SetFocusedBrowsingContext) Channel closing: too late to send/recv, messages will be lost

1659347302808	Marionette	INFO	Stopped listening on port 63110
